Arguments: 
  /Users/phoebemirman/.nvm/versions/node/v8.11.1/bin/node /usr/local/Cellar/yarn/1.5.1_1/libexec/bin/yarn.js start

PATH: 
  /Users/phoebemirman/.nvm/versions/node/v8.11.1/bin:/usr/local/bin:/usr/bin:/bin:/usr/sbin:/sbin

Yarn version: 
  1.5.1

Node version: 
  8.11.1

Platform: 
  darwin x64

npm manifest: 
  {
    "name": "augur",
    "version": "1.0.0-alpha.15",
    "description": "Augur Desktop Application",
    "main": "src/main/main.js",
    "scripts": {
      "start": "electron-forge start .src/main/main.js",
      "debug": "electron-forge start  --inspect-electron .src/main/main.js",
      "package": "electron-forge package",
      "publish": "electron-forge publish",
      "make": "electron-builder make --publish always",
      "make-win": "electron-builder make --win",
      "make-mac": "electron-builder make --mac",
      "make-linux": "electron-builder make --linux",
      "make-all": "electron-builder make -mwl"
    },
    "repository": "https://github.com/AugurProject/augur-app",
    "keywords": [
      "Augur",
      "Desktop",
      "Electron",
      "App",
      "Application"
    ],
    "author": "The Augur Developers <team@augur.net>",
    "license": "MIT",
    "build": {
      "mac": {
        "target": [
          "dmg"
        ],
        "icon": "build/icon.png"
      },
      "win": {
        "target": [
          "nsis"
        ],
        "icon": "build/icon.png"
      },
      "linux": {
        "target": [
          "deb",
          "snap"
        ],
        "icon": "build/icon.png"
      },
      "artifactName": "${os}-${productName}-${version}.${ext}",
      "publish": {
        "provider": "github"
      },
      "files": [
        "!certs/*.{key,pem"
      ]
    },
    "config": {
      "forge": {
        "packagerConfig": {},
        "makers": [
          {
            "name": "@electron-forge/maker-deb",
            "platforms": [
              "linux"
            ],
            "config": {
              "icon": "build/icon.png"
            }
          }
        ]
      }
    },
    "dependencies": {
      "app-data-folder": "1.0.0",
      "augur-core": "1.0.0-19",
      "augur-node": "0.2.18",
      "augur-ui": "3.39.5",
      "augur.js": "4.12.0-17",
      "electron-compile": "6.4.2",
      "electron-log": "^2.2.16",
      "express": "4.16.2",
      "knex": "0.14.6",
      "node-pre-gyp": "~0.6.38",
      "sqlite3": "^3.1.13"
    },
    "devDependencies": {
      "electron": "2.0.0",
      "electron-builder": "^20.15.1",
      "electron-builder-squirrel-windows": "^20.15.0",
      "electron-forge": "5.2.0",
      "electron-prebuilt-compile": "2.0.0",
      "electron-publisher-s3": "^20.15.0",
      "eslint": "^5.0.1",
      "prettier": "^1.13.7"
    }
  }

yarn manifest: 
  No manifest

Lockfile: 
  No lockfile

Trace: 
  Error: Command failed.
  Exit code: 1
  Command: sh
  Arguments: -c electron-forge start .src/main/main.js
  Directory: /Users/phoebemirman/Desktop/augur/augur-app
  Output:
  
      at ProcessTermError.MessageError (/usr/local/Cellar/yarn/1.5.1_1/libexec/lib/cli.js:186:110)
      at new ProcessTermError (/usr/local/Cellar/yarn/1.5.1_1/libexec/lib/cli.js:226:113)
      at ChildProcess.<anonymous> (/usr/local/Cellar/yarn/1.5.1_1/libexec/lib/cli.js:30281:17)
      at emitTwo (events.js:126:13)
      at ChildProcess.emit (events.js:214:7)
      at maybeClose (internal/child_process.js:925:16)
      at Process.ChildProcess._handle.onexit (internal/child_process.js:209:5)
